
ROM used:   1766/2048 (86%)
            1766/2048 (86%) including unused fragments

            0.3 Average locations per line
            1.5 Average locations per statement

RAM used:   77/128 (60%) at main() level
            94/128 (73%) worst case

Stack used: 5 worst case (3 in main + 2 for interrupts)
Stack size: 8

Lines Stmts  %   Files
----- ----- ---  -----
 1017   469  39  slave.c
   17     0   0  slave.h
  619     0   0  ..\..\..\..\Program Files (x86)\PICC\devices\16F684.h
 2229   257  21  ..\..\..\..\Program Files (x86)\PICC\drivers\math.h
 1351   359  30  ..\..\..\..\Program Files (x86)\PICC\drivers\STDLIB.H
   32     0   0  ..\..\..\..\Program Files (x86)\PICC\drivers\stddef.h
  423   125  10  ..\..\..\..\Program Files (x86)\PICC\drivers\string.h
   28     0   0  ..\..\..\..\Program Files (x86)\PICC\drivers\ctype.h
----- -----
 5716  1210 Total

Page ROM  %  RAM   Vol Diff  Functions:
---- --- --- ---   --- ----  ----------
0     37   2    5             @DIV1616
0     21   1    5             @MUL1616
0     20   1    1             @delay_ms2
 Inline         1             @delay_us2
0     30   2    0   439  3.3  EXT_isr
0    181  10    1   764  6.7  TIMER1_isr
0     12   1    0   117  3.7  RTCC_isr
0      7   0    0    22  1.3  timer2_isr
0    247  14    2  1389  8.8  MAIN
0     52   3    1   480  3.3  init
0    497  28    0    59  1.9  handle
0     83   5    1   759  4.3  txmit1
 Inline         1   576  4.8  txmit0
0    111   6    3   643  8.3  txmit
0     30   2    1    69  1.9  stopbit
 Inline         2  1861  8.3  readData
0     27   2    0   436  4.3  copyData
 Inline         2  3548 10.9  commands
0    110   6    4   652  6.2  goto_position
0    231  13    2  1068  2.4  init_from_eeprom
 Inline         0             @cinit1

Program metrics:
    Functions               16
    Statements              1210
    Comments                1314
    Volume (V)              19865
    Difficulty (D)          82.0
    Effort to implement (E) 1629498
    Time to implement (T)   25 hours, 9 minutes
    Est Delivered Bugs (B)  5
    Cyclomatic Complexity   69
    Maintainability (MI)    113

 Segment     Used  Free
-----------  ----  ----
00000-00003     4  0  
00004-00045    66  0  
00046-007FF  1696  282  



