
ROM used:   1460/2048 (71%)
            1460/2048 (71%) including unused fragments

            0.3 Average locations per line
            1.3 Average locations per statement

RAM used:   75/224 (33%) at main() level
            100/224 (45%) worst case

Stack used: 5 worst case (3 in main + 2 for interrupts)
Stack size: 8

Lines Stmts  %   Files
----- ----- ---  -----
  969   410  36  slave.c
   19     0   0  slave.h
  518     0   0  ..\..\..\..\Program Files (x86)\PICC\devices\16F628A.h
 2229   257  22  ..\..\..\..\Program Files (x86)\PICC\drivers\math.h
 1351   359  31  ..\..\..\..\Program Files (x86)\PICC\drivers\STDLIB.H
   32     0   0  ..\..\..\..\Program Files (x86)\PICC\drivers\stddef.h
  423   125  11  ..\..\..\..\Program Files (x86)\PICC\drivers\string.h
   28     0   0  ..\..\..\..\Program Files (x86)\PICC\drivers\ctype.h
----- -----
 5569  1151 Total

Page ROM  %  RAM   Vol Diff  Functions:
---- --- --- ---   --- ----  ----------
0     21   1    5             @MUL1616
 Inline         1             @delay_ms2
 Inline         1             @delay_us2
0     25   2    0   385  3.3  EXT_isr
0    176  12    1   764  6.7  TIMER1_isr
0     12   1    0   117  3.7  RTCC_isr
0    118   8    2   633  6.7  MAIN
0     28   2    0   292  2.8  init
0    516  35    0    59  1.9  handle
0     81   6    1   759  4.3  txmit1
 Inline         1   576  4.8  txmit0
0    108   7    3   643  8.3  txmit
0     31   2    1    69  1.9  stopbit
 Inline         2  1691  8.3  readData
0     27   2    0   436  4.3  copyData
 Inline         2  3507 10.4  commands
0     29   2    4    72  2.4  goto_position
0    231  16    2  1068  2.4  init_from_eeprom
 Inline         0             @cinit1

Program metrics:
    Functions               15
    Statements              1151
    Comments                1309
    Volume (V)              16940
    Difficulty (D)          73.6
    Effort to implement (E) 1246453
    Time to implement (T)   19 hours, 14 minutes
    Est Delivered Bugs (B)  4
    Cyclomatic Complexity   63
    Maintainability (MI)    110

 Segment     Used  Free
-----------  ----  ----
00000-00003     4  0  
00004-00038    53  0  
00039-007FF  1403  588  



