
ROM used:   1575/2048 (77%)
            1575/2048 (77%) including unused fragments

            0.3 Average locations per line
            1.3 Average locations per statement

RAM used:   74/128 (58%) at main() level
            91/128 (71%) worst case

Stack used: 5 worst case (3 in main + 2 for interrupts)
Stack size: 8

Lines Stmts  %   Files
----- ----- ---  -----
  918   447  38  slave.c
   17     0   0  slave.h
  619     0   0  ..\..\..\..\Program Files (x86)\PICC\devices\16F684.h
 2229   257  22  ..\..\..\..\Program Files (x86)\PICC\drivers\math.h
 1351   359  30  ..\..\..\..\Program Files (x86)\PICC\drivers\STDLIB.H
   32     0   0  ..\..\..\..\Program Files (x86)\PICC\drivers\stddef.h
  423   125  11  ..\..\..\..\Program Files (x86)\PICC\drivers\string.h
   28     0   0  ..\..\..\..\Program Files (x86)\PICC\drivers\ctype.h
----- -----
 5617  1188 Total

Page ROM  %  RAM   Vol Diff  Functions:
---- --- --- ---   --- ----  ----------
0     20   1    1             @delay_ms2
 Inline         1             @delay_us2
0     28   2    0   412  3.3  EXT_isr
0    185  12    1   764  6.7  TIMER1_isr
0     12   1    0   117  3.7  RTCC_isr
0     38   2    2   151  4.3  timer2_isr
0    116   7    2   633  6.7  MAIN
0     34   2    0   346  3.3  init
0    500  32    0    59  1.9  handle
0     83   5    1   759  4.3  txmit1
 Inline         1   576  4.8  txmit0
0    115   7    3   672  8.3  txmit
0     30   2    1    69  1.9  stopbit
 Inline         2  1793  8.3  readData
0     30   2    0   464  4.3  copyData
 Inline         2  3619 10.4  commands
0     83   5    3   527  5.2  goto_position
0    231  15    2  1068  2.4  init_from_eeprom
 Inline         0             @cinit1

Program metrics:
    Functions               16
    Statements              1188
    Comments                1258
    Volume (V)              18661
    Difficulty (D)          81.4
    Effort to implement (E) 1519605
    Time to implement (T)   23 hours, 27 minutes
    Est Delivered Bugs (B)  4
    Cyclomatic Complexity   68
    Maintainability (MI)    110

 Segment     Used  Free
-----------  ----  ----
00000-00003     4  0  
00004-00045    66  0  
00046-007FF  1505  473  



